# JRE version: OpenJDK Runtime Environment Temurin-21.0.12.1+1 (21.0.12.1+1) (build 21.0.12.1+1-LTS)
# Java VM: OpenJDK 64-Bit Server VM Temurin-21.0.12.1+1 (21.0.12.1+1-LTS, mixed mode, sharing, tiered, compressed class ptrs, parallel gc, windows-amd64)
GC Precious Log:
 CardTable entry size: 512
 CPUs: 12 total, 12 available
 Memory: 16087M
 Large Page Support: Disabled
 NUMA Support: Disabled
 Compressed Oops: Disabled
 Alignments: Space 512K, Generation 512K, Heap 2M
 Heap Min Capacity: 100M
 Heap Initial Capacity: 100M
 Heap Max Capacity: 256G
 Pre-touch: Disabled
 Parallel Workers: 10
Heap:
 PSYoungGen      total 3072K, used 2562K [0x0000027686700000, 0x0000027686b00000, 0x0000028bdbc00000)
  eden space 2560K, 90% used [0x0000027686700000,0x0000027686940820,0x0000027686980000)
  from space 512K, 50% used [0x0000027686a80000,0x0000027686ac0000,0x0000027686b00000)
  to   space 512K, 0% used [0x0000027686a00000,0x0000027686a00000,0x0000027686a80000)
 ParOldGen       total 211968K, used 185824K [0x0000024bdbc00000, 0x0000024be8b00000, 0x0000027686700000)
  object space 211968K, 87% used [0x0000024bdbc00000,0x0000024be7178188,0x0000024be8b00000)
 Metaspace       used 79185K, committed 80768K, reserved 1179648K
  class space    used 8159K, committed 8832K, reserved 1048576K
GC Heap History (20 events):
Event: 115.150 GC heap after
{Heap after GC invocations=654 (full 4):
 PSYoungGen      total 4096K, used 544K [0x0000027686700000, 0x0000027686c00000, 0x0000028bdbc00000)
  eden space 3072K, 0% used [0x0000027686700000,0x0000027686700000,0x0000027686a00000)
  from space 1024K, 53% used [0x0000027686b00000,0x0000027686b88000,0x0000027686c00000)
  to   space 1024K, 0% used [0x0000027686a00000,0x0000027686a00000,0x0000027686b00000)
 ParOldGen       total 211968K, used 152240K [0x0000024bdbc00000, 0x0000024be8b00000, 0x0000027686700000)
  object space 211968K, 71% used [0x0000024bdbc00000,0x0000024be50ac0d8,0x0000024be8b00000)
 Metaspace       used 78413K, committed 80000K, reserved 1179648K
  class space    used 8069K, committed 8768K, reserved 1048576K
}
Event: 115.176 GC heap before
{Heap before GC invocations=655 (full 4):
 PSYoungGen      total 4096K, used 3616K [0x0000027686700000, 0x0000027686c00000, 0x0000028bdbc00000)
  eden space 3072K, 100% used [0x0000027686700000,0x0000027686a00000,0x0000027686a00000)
  from space 1024K, 53% used [0x0000027686b00000,0x0000027686b88000,0x0000027686c00000)
  to   space 1024K, 0% used [0x0000027686a00000,0x0000027686a00000,0x0000027686b00000)
 ParOldGen       total 211968K, used 152240K [0x0000024bdbc00000, 0x0000024be8b00000, 0x0000027686700000)
  object space 211968K, 71% used [0x0000024bdbc00000,0x0000024be50ac0d8,0x0000024be8b00000)
 Metaspace       used 78480K, committed 80064K, reserved 1179648K
  class space    used 8081K, committed 8768K, reserved 1048576K
}
Event: 115.177 GC heap after
{Heap after GC invocations=655 (full 4):
 PSYoungGen      total 4096K, used 672K [0x0000027686700000, 0x0000027686c00000, 0x0000028bdbc00000)
  eden space 3072K, 0% used [0x0000027686700000,0x0000027686700000,0x0000027686a00000)
  from space 1024K, 65% used [0x0000027686a00000,0x0000027686aa8000,0x0000027686b00000)
  to   space 1024K, 0% used [0x0000027686b00000,0x0000027686b00000,0x0000027686c00000)
 ParOldGen       total 211968K, used 152600K [0x0000024bdbc00000, 0x0000024be8b00000, 0x0000027686700000)
  object space 211968K, 71% used [0x0000024bdbc00000,0x0000024be51060e8,0x0000024be8b00000)
 Metaspace       used 78480K, committed 80064K, reserved 1179648K
  class space    used 8081K, committed 8768K, reserved 1048576K
}
Event: 115.185 GC heap before
{Heap before GC invocations=656 (full 4):
 PSYoungGen      total 4096K, used 3744K [0x0000027686700000, 0x0000027686c00000, 0x0000028bdbc00000)
  eden space 3072K, 100% used [0x0000027686700000,0x0000027686a00000,0x0000027686a00000)
  from space 1024K, 65% used [0x0000027686a00000,0x0000027686aa8000,0x0000027686b00000)
  to   space 1024K, 0% used [0x0000027686b00000,0x0000027686b00000,0x0000027686c00000)
 ParOldGen       total 211968K, used 152600K [0x0000024bdbc00000, 0x0000024be8b00000, 0x0000027686700000)
  object space 211968K, 71% used [0x0000024bdbc00000,0x0000024be51060e8,0x0000024be8b00000)
 Metaspace       used 78482K, committed 80064K, reserved 1179648K
  class space    used 8081K, committed 8768K, reserved 1048576K
}
Event: 115.187 GC heap after
{Heap after GC invocations=656 (full 4):
 PSYoungGen      total 3584K, used 992K [0x0000027686700000, 0x0000027686d00000, 0x0000028bdbc00000)
  eden space 2560K, 0% used [0x0000027686700000,0x0000027686700000,0x0000027686980000)
  from space 1024K, 96% used [0x0000027686b00000,0x0000027686bf8020,0x0000027686c00000)
  to   space 1536K, 0% used [0x0000027686980000,0x0000027686980000,0x0000027686b00000)
 ParOldGen       total 211968K, used 153048K [0x0000024bdbc00000, 0x0000024be8b00000, 0x0000027686700000)
  object space 211968K, 72% used [0x0000024bdbc00000,0x0000024be5176138,0x0000024be8b00000)
 Metaspace       used 78482K, committed 80064K, reserved 1179648K
  class space    used 8081K, committed 8768K, reserved 1048576K
}
Event: 115.199 GC heap before
{Heap before GC invocations=657 (full 4):
 PSYoungGen      total 3584K, used 3552K [0x0000027686700000, 0x0000027686d00000, 0x0000028bdbc00000)
  eden space 2560K, 100% used [0x0000027686700000,0x0000027686980000,0x0000027686980000)
  from space 1024K, 96% used [0x0000027686b00000,0x0000027686bf8020,0x0000027686c00000)
  to   space 1536K, 0% used [0x0000027686980000,0x0000027686980000,0x0000027686b00000)
 ParOldGen       total 211968K, used 153048K [0x0000024bdbc00000, 0x0000024be8b00000, 0x0000027686700000)
  object space 211968K, 72% used [0x0000024bdbc00000,0x0000024be5176138,0x0000024be8b00000)
 Metaspace       used 78482K, committed 80064K, reserved 1179648K
  class space    used 8081K, committed 8768K, reserved 1048576K
}
Event: 115.200 GC heap after
{Heap after GC invocations=657 (full 4):
 PSYoungGen      total 3584K, used 768K [0x0000027686700000, 0x0000027686b80000, 0x0000028bdbc00000)
  eden space 2560K, 0% used [0x0000027686700000,0x0000027686700000,0x0000027686980000)
  from space 1024K, 75% used [0x0000027686980000,0x0000027686a40000,0x0000027686a80000)
  to   space 1024K, 0% used [0x0000027686a80000,0x0000027686a80000,0x0000027686b80000)
 ParOldGen       total 211968K, used 153580K [0x0000024bdbc00000, 0x0000024be8b00000, 0x0000027686700000)
  object space 211968K, 72% used [0x0000024bdbc00000,0x0000024be51fb148,0x0000024be8b00000)
 Metaspace       used 78482K, committed 80064K, reserved 1179648K
  class space    used 8081K, committed 8768K, reserved 1048576K
}
Event: 115.211 GC heap before
{Heap before GC invocations=658 (full 4):
 PSYoungGen      total 3584K, used 3328K [0x0000027686700000, 0x0000027686b80000, 0x0000028bdbc00000)
  eden space 2560K, 100% used [0x0000027686700000,0x0000027686980000,0x0000027686980000)
  from space 1024K, 75% used [0x0000027686980000,0x0000027686a40000,0x0000027686a80000)
  to   space 1024K, 0% used [0x0000027686a80000,0x0000027686a80000,0x0000027686b80000)
 ParOldGen       total 211968K, used 153580K [0x0000024bdbc00000, 0x0000024be8b00000, 0x0000027686700000)
  object space 211968K, 72% used [0x0000024bdbc00000,0x0000024be51fb148,0x0000024be8b00000)
 Metaspace       used 78487K, committed 80064K, reserved 1179648K
  class space    used 8081K, committed 8768K, reserved 1048576K
}
Event: 115.212 GC heap after
{Heap after GC invocations=658 (full 4):
 PSYoungGen      total 3584K, used 560K [0x0000027686700000, 0x0000027686b80000, 0x0000028bdbc00000)
  eden space 2560K, 0% used [0x0000027686700000,0x0000027686700000,0x0000027686980000)
  from space 1024K, 54% used [0x0000027686a80000,0x0000027686b0c010,0x0000027686b80000)
  to   space 1024K, 0% used [0x0000027686980000,0x0000027686980000,0x0000027686a80000)
 ParOldGen       total 211968K, used 154168K [0x0000024bdbc00000, 0x0000024be8b00000, 0x0000027686700000)
  object space 211968K, 72% used [0x0000024bdbc00000,0x0000024be528e158,0x0000024be8b00000)
 Metaspace       used 78487K, committed 80064K, reserved 1179648K
  class space    used 8081K, committed 8768K, reserved 1048576K
}
Event: 115.274 GC heap before
{Heap before GC invocations=659 (full 4):
 PSYoungGen      total 3584K, used 3119K [0x0000027686700000, 0x0000027686b80000, 0x0000028bdbc00000)
  eden space 2560K, 99% used [0x0000027686700000,0x000002768697fc30,0x0000027686980000)
  from space 1024K, 54% used [0x0000027686a80000,0x0000027686b0c010,0x0000027686b80000)
  to   space 1024K, 0% used [0x0000027686980000,0x0000027686980000,0x0000027686a80000)
 ParOldGen       total 211968K, used 154168K [0x0000024bdbc00000, 0x0000024be8b00000, 0x0000027686700000)
  object space 211968K, 72% used [0x0000024bdbc00000,0x0000024be528e158,0x0000024be8b00000)
 Metaspace       used 78579K, committed 80128K, reserved 1179648K
  class space    used 8095K, committed 8768K, reserved 1048576K
}
Event: 115.275 GC heap after
{Heap after GC invocations=659 (full 4):
 PSYoungGen      total 3584K, used 341K [0x0000027686700000, 0x0000027686b00000, 0x0000028bdbc00000)
  eden space 2560K, 0% used [0x0000027686700000,0x0000027686700000,0x0000027686980000)
  from space 1024K, 33% used [0x0000027686980000,0x00000276869d5430,0x0000027686a80000)
  to   space 512K, 0% used [0x0000027686a80000,0x0000027686a80000,0x0000027686b00000)
 ParOldGen       total 211968K, used 154360K [0x0000024bdbc00000, 0x0000024be8b00000, 0x0000027686700000)
  object space 211968K, 72% used [0x0000024bdbc00000,0x0000024be52be158,0x0000024be8b00000)
 Metaspace       used 78579K, committed 80128K, reserved 1179648K
  class space    used 8095K, committed 8768K, reserved 1048576K
}
Event: 115.329 GC heap before
{Heap before GC invocations=660 (full 4):
 PSYoungGen      total 3584K, used 2901K [0x0000027686700000, 0x0000027686b00000, 0x0000028bdbc00000)
  eden space 2560K, 100% used [0x0000027686700000,0x0000027686980000,0x0000027686980000)
  from space 1024K, 33% used [0x0000027686980000,0x00000276869d5430,0x0000027686a80000)
  to   space 512K, 0% used [0x0000027686a80000,0x0000027686a80000,0x0000027686b00000)
 ParOldGen       total 211968K, used 154360K [0x0000024bdbc00000, 0x0000024be8b00000, 0x0000027686700000)
  object space 211968K, 72% used [0x0000024bdbc00000,0x0000024be52be158,0x0000024be8b00000)
 Metaspace       used 78726K, committed 80256K, reserved 1179648K
  class space    used 8114K, committed 8768K, reserved 1048576K
}
Event: 115.330 GC heap after
{Heap after GC invocations=660 (full 4):
 PSYoungGen      total 3072K, used 288K [0x0000027686700000, 0x0000027686b00000, 0x0000028bdbc00000)
  eden space 2560K, 0% used [0x0000027686700000,0x0000027686700000,0x0000027686980000)
  from space 512K, 56% used [0x0000027686a80000,0x0000027686ac8000,0x0000027686b00000)
  to   space 512K, 0% used [0x0000027686a00000,0x0000027686a00000,0x0000027686a80000)
 ParOldGen       total 211968K, used 154472K [0x0000024bdbc00000, 0x0000024be8b00000, 0x0000027686700000)
  object space 211968K, 72% used [0x0000024bdbc00000,0x0000024be52da158,0x0000024be8b00000)
 Metaspace       used 78726K, committed 80256K, reserved 1179648K
  class space    used 8114K, committed 8768K, reserved 1048576K
}
Event: 115.362 GC heap before
{Heap before GC invocations=661 (full 4):
 PSYoungGen      total 3072K, used 2848K [0x0000027686700000, 0x0000027686b00000, 0x0000028bdbc00000)
  eden space 2560K, 100% used [0x0000027686700000,0x0000027686980000,0x0000027686980000)
  from space 512K, 56% used [0x0000027686a80000,0x0000027686ac8000,0x0000027686b00000)
  to   space 512K, 0% used [0x0000027686a00000,0x0000027686a00000,0x0000027686a80000)
 ParOldGen       total 211968K, used 154472K [0x0000024bdbc00000, 0x0000024be8b00000, 0x0000027686700000)
  object space 211968K, 72% used [0x0000024bdbc00000,0x0000024be52da158,0x0000024be8b00000)
 Metaspace       used 78940K, committed 80512K, reserved 1179648K
  class space    used 8132K, committed 8832K, reserved 1048576K
}
Event: 115.364 GC heap after
{Heap after GC invocations=661 (full 4):
 PSYoungGen      total 3072K, used 458K [0x0000027686700000, 0x0000027686b00000, 0x0000028bdbc00000)
  eden space 2560K, 0% used [0x0000027686700000,0x0000027686700000,0x0000027686980000)
  from space 512K, 89% used [0x0000027686a00000,0x0000027686a728d8,0x0000027686a80000)
  to   space 512K, 0% used [0x0000027686a80000,0x0000027686a80000,0x0000027686b00000)
 ParOldGen       total 211968K, used 154702K [0x0000024bdbc00000, 0x0000024be8b00000, 0x0000027686700000)
  object space 211968K, 72% used [0x0000024bdbc00000,0x0000024be5313880,0x0000024be8b00000)
 Metaspace       used 78940K, committed 80512K, reserved 1179648K
  class space    used 8132K, committed 8832K, reserved 1048576K
}
Event: 115.416 GC heap before
{Heap before GC invocations=662 (full 4):
 PSYoungGen      total 3072K, used 3018K [0x0000027686700000, 0x0000027686b00000, 0x0000028bdbc00000)
  eden space 2560K, 100% used [0x0000027686700000,0x0000027686980000,0x0000027686980000)
  from space 512K, 89% used [0x0000027686a00000,0x0000027686a728d8,0x0000027686a80000)
  to   space 512K, 0% used [0x0000027686a80000,0x0000027686a80000,0x0000027686b00000)
 ParOldGen       total 211968K, used 185422K [0x0000024bdbc00000, 0x0000024be8b00000, 0x0000027686700000)
  object space 211968K, 87% used [0x0000024bdbc00000,0x0000024be71138b0,0x0000024be8b00000)
 Metaspace       used 79126K, committed 80704K, reserved 1179648K
  class space    used 8153K, committed 8832K, reserved 1048576K
}
Event: 115.417 GC heap after
{Heap after GC invocations=662 (full 4):
 PSYoungGen      total 3072K, used 320K [0x0000027686700000, 0x0000027686b00000, 0x0000028bdbc00000)
  eden space 2560K, 0% used [0x0000027686700000,0x0000027686700000,0x0000027686980000)
  from space 512K, 62% used [0x0000027686a80000,0x0000027686ad0000,0x0000027686b00000)
  to   space 512K, 0% used [0x0000027686a00000,0x0000027686a00000,0x0000027686a80000)
 ParOldGen       total 211968K, used 185648K [0x0000024bdbc00000, 0x0000024be8b00000, 0x0000027686700000)
  object space 211968K, 87% used [0x0000024bdbc00000,0x0000024be714c178,0x0000024be8b00000)
 Metaspace       used 79126K, committed 80704K, reserved 1179648K
  class space    used 8153K, committed 8832K, reserved 1048576K
}
Event: 115.468 GC heap before
{Heap before GC invocations=663 (full 4):
 PSYoungGen      total 3072K, used 2880K [0x0000027686700000, 0x0000027686b00000, 0x0000028bdbc00000)
  eden space 2560K, 100% used [0x0000027686700000,0x0000027686980000,0x0000027686980000)
  from space 512K, 62% used [0x0000027686a80000,0x0000027686ad0000,0x0000027686b00000)
  to   space 512K, 0% used [0x0000027686a00000,0x0000027686a00000,0x0000027686a80000)
 ParOldGen       total 211968K, used 185648K [0x0000024bdbc00000, 0x0000024be8b00000, 0x0000027686700000)
  object space 211968K, 87% used [0x0000024bdbc00000,0x0000024be714c178,0x0000024be8b00000)
 Metaspace       used 79168K, committed 80704K, reserved 1179648K
  class space    used 8157K, committed 8832K, reserved 1048576K
}
Event: 115.469 GC heap after
{Heap after GC invocations=663 (full 4):
 PSYoungGen      total 3072K, used 288K [0x0000027686700000, 0x0000027686b00000, 0x0000028bdbc00000)
  eden space 2560K, 0% used [0x0000027686700000,0x0000027686700000,0x0000027686980000)
  from space 512K, 56% used [0x0000027686a00000,0x0000027686a48000,0x0000027686a80000)
  to   space 512K, 0% used [0x0000027686a80000,0x0000027686a80000,0x0000027686b00000)
 ParOldGen       total 211968K, used 185744K [0x0000024bdbc00000, 0x0000024be8b00000, 0x0000027686700000)
  object space 211968K, 87% used [0x0000024bdbc00000,0x0000024be7164178,0x0000024be8b00000)
 Metaspace       used 79168K, committed 80704K, reserved 1179648K
  class space    used 8157K, committed 8832K, reserved 1048576K
}
Event: 118.417 GC heap before
{Heap before GC invocations=664 (full 4):
 PSYoungGen      total 3072K, used 2848K [0x0000027686700000, 0x0000027686b00000, 0x0000028bdbc00000)
  eden space 2560K, 100% used [0x0000027686700000,0x0000027686980000,0x0000027686980000)
  from space 512K, 56% used [0x0000027686a00000,0x0000027686a48000,0x0000027686a80000)
  to   space 512K, 0% used [0x0000027686a80000,0x0000027686a80000,0x0000027686b00000)
 ParOldGen       total 211968K, used 185744K [0x0000024bdbc00000, 0x0000024be8b00000, 0x0000027686700000)
  object space 211968K, 87% used [0x0000024bdbc00000,0x0000024be7164178,0x0000024be8b00000)
 Metaspace       used 79177K, committed 80768K, reserved 1179648K
  class space    used 8159K, committed 8832K, reserved 1048576K
}

