# JRE version: OpenJDK Runtime Environment Temurin-21.0.12.1+1 (21.0.12.1+1) (build 21.0.12.1+1-LTS)
# Java VM: OpenJDK 64-Bit Server VM Temurin-21.0.12.1+1 (21.0.12.1+1-LTS, mixed mode, sharing, tiered, compressed class ptrs, parallel gc, windows-amd64)
GC Precious Log:
 CardTable entry size: 512
 CPUs: 12 total, 12 available
 Memory: 16087M
 Large Page Support: Disabled
 NUMA Support: Disabled
 Compressed Oops: Disabled
 Alignments: Space 512K, Generation 512K, Heap 2M
 Heap Min Capacity: 100M
 Heap Initial Capacity: 100M
 Heap Max Capacity: 256G
 Pre-touch: Disabled
 Parallel Workers: 10
Heap:
 PSYoungGen      total 6144K, used 4437K [0x000001df87500000, 0x000001df87c00000, 0x000001f4dca00000)
  eden space 5120K, 66% used [0x000001df87500000,0x000001df87857c68,0x000001df87a00000)
  from space 1024K, 99% used [0x000001df87a00000,0x000001df87afdb28,0x000001df87b00000)
  to   space 1024K, 0% used [0x000001df87b00000,0x000001df87b00000,0x000001df87c00000)
 ParOldGen       total 131584K, used 131441K [0x000001b4dca00000, 0x000001b4e4a80000, 0x000001df87500000)
  object space 131584K, 99% used [0x000001b4dca00000,0x000001b4e4a5c778,0x000001b4e4a80000)
 Metaspace       used 64394K, committed 65856K, reserved 1114112K
  class space    used 6836K, committed 7488K, reserved 1048576K
GC Heap History (20 events):
Event: 12.116 GC heap before
{Heap before GC invocations=168 (full 3):
 PSYoungGen      total 6144K, used 5728K [0x000001df87500000, 0x000001df87c00000, 0x000001f4dca00000)
  eden space 5120K, 100% used [0x000001df87500000,0x000001df87a00000,0x000001df87a00000)
  from space 1024K, 59% used [0x000001df87b00000,0x000001df87b98040,0x000001df87c00000)
  to   space 1024K, 0% used [0x000001df87a00000,0x000001df87a00000,0x000001df87b00000)
 ParOldGen       total 127488K, used 127013K [0x000001b4dca00000, 0x000001b4e4680000, 0x000001df87500000)
  object space 127488K, 99% used [0x000001b4dca00000,0x000001b4e4609710,0x000001b4e4680000)
 Metaspace       used 64292K, committed 65664K, reserved 1114112K
  class space    used 6835K, committed 7424K, reserved 1048576K
}
Event: 12.116 GC heap after
{Heap after GC invocations=168 (full 3):
 PSYoungGen      total 6144K, used 480K [0x000001df87500000, 0x000001df87c00000, 0x000001f4dca00000)
  eden space 5120K, 0% used [0x000001df87500000,0x000001df87500000,0x000001df87a00000)
  from space 1024K, 46% used [0x000001df87a00000,0x000001df87a78000,0x000001df87b00000)
  to   space 1024K, 0% used [0x000001df87b00000,0x000001df87b00000,0x000001df87c00000)
 ParOldGen       total 127488K, used 127485K [0x000001b4dca00000, 0x000001b4e4680000, 0x000001df87500000)
  object space 127488K, 99% used [0x000001b4dca00000,0x000001b4e467f750,0x000001b4e4680000)
 Metaspace       used 64292K, committed 65664K, reserved 1114112K
  class space    used 6835K, committed 7424K, reserved 1048576K
}
Event: 12.127 GC heap before
{Heap before GC invocations=169 (full 3):
 PSYoungGen      total 6144K, used 5600K [0x000001df87500000, 0x000001df87c00000, 0x000001f4dca00000)
  eden space 5120K, 100% used [0x000001df87500000,0x000001df87a00000,0x000001df87a00000)
  from space 1024K, 46% used [0x000001df87a00000,0x000001df87a78000,0x000001df87b00000)
  to   space 1024K, 0% used [0x000001df87b00000,0x000001df87b00000,0x000001df87c00000)
 ParOldGen       total 127488K, used 127485K [0x000001b4dca00000, 0x000001b4e4680000, 0x000001df87500000)
  object space 127488K, 99% used [0x000001b4dca00000,0x000001b4e467f750,0x000001b4e4680000)
 Metaspace       used 64300K, committed 65664K, reserved 1114112K
  class space    used 6835K, committed 7424K, reserved 1048576K
}
Event: 12.128 GC heap after
{Heap after GC invocations=169 (full 3):
 PSYoungGen      total 6144K, used 512K [0x000001df87500000, 0x000001df87c00000, 0x000001f4dca00000)
  eden space 5120K, 0% used [0x000001df87500000,0x000001df87500000,0x000001df87a00000)
  from space 1024K, 50% used [0x000001df87b00000,0x000001df87b80020,0x000001df87c00000)
  to   space 1024K, 0% used [0x000001df87a00000,0x000001df87a00000,0x000001df87b00000)
 ParOldGen       total 128000K, used 127813K [0x000001b4dca00000, 0x000001b4e4700000, 0x000001df87500000)
  object space 128000K, 99% used [0x000001b4dca00000,0x000001b4e46d1790,0x000001b4e4700000)
 Metaspace       used 64300K, committed 65664K, reserved 1114112K
  class space    used 6835K, committed 7424K, reserved 1048576K
}
Event: 12.144 GC heap before
{Heap before GC invocations=170 (full 3):
 PSYoungGen      total 6144K, used 5632K [0x000001df87500000, 0x000001df87c00000, 0x000001f4dca00000)
  eden space 5120K, 100% used [0x000001df87500000,0x000001df87a00000,0x000001df87a00000)
  from space 1024K, 50% used [0x000001df87b00000,0x000001df87b80020,0x000001df87c00000)
  to   space 1024K, 0% used [0x000001df87a00000,0x000001df87a00000,0x000001df87b00000)
 ParOldGen       total 128000K, used 127813K [0x000001b4dca00000, 0x000001b4e4700000, 0x000001df87500000)
  object space 128000K, 99% used [0x000001b4dca00000,0x000001b4e46d1790,0x000001b4e4700000)
 Metaspace       used 64306K, committed 65664K, reserved 1114112K
  class space    used 6835K, committed 7424K, reserved 1048576K
}
Event: 12.145 GC heap after
{Heap after GC invocations=170 (full 3):
 PSYoungGen      total 6144K, used 528K [0x000001df87500000, 0x000001df87c00000, 0x000001f4dca00000)
  eden space 5120K, 0% used [0x000001df87500000,0x000001df87500000,0x000001df87a00000)
  from space 1024K, 51% used [0x000001df87a00000,0x000001df87a84010,0x000001df87b00000)
  to   space 1024K, 0% used [0x000001df87b00000,0x000001df87b00000,0x000001df87c00000)
 ParOldGen       total 128512K, used 128165K [0x000001b4dca00000, 0x000001b4e4780000, 0x000001df87500000)
  object space 128512K, 99% used [0x000001b4dca00000,0x000001b4e47297b0,0x000001b4e4780000)
 Metaspace       used 64306K, committed 65664K, reserved 1114112K
  class space    used 6835K, committed 7424K, reserved 1048576K
}
Event: 12.156 GC heap before
{Heap before GC invocations=171 (full 3):
 PSYoungGen      total 6144K, used 5648K [0x000001df87500000, 0x000001df87c00000, 0x000001f4dca00000)
  eden space 5120K, 100% used [0x000001df87500000,0x000001df87a00000,0x000001df87a00000)
  from space 1024K, 51% used [0x000001df87a00000,0x000001df87a84010,0x000001df87b00000)
  to   space 1024K, 0% used [0x000001df87b00000,0x000001df87b00000,0x000001df87c00000)
 ParOldGen       total 128512K, used 128165K [0x000001b4dca00000, 0x000001b4e4780000, 0x000001df87500000)
  object space 128512K, 99% used [0x000001b4dca00000,0x000001b4e47297b0,0x000001b4e4780000)
 Metaspace       used 64307K, committed 65664K, reserved 1114112K
  class space    used 6835K, committed 7424K, reserved 1048576K
}
Event: 12.157 GC heap after
{Heap after GC invocations=171 (full 3):
 PSYoungGen      total 6144K, used 544K [0x000001df87500000, 0x000001df87c00000, 0x000001f4dca00000)
  eden space 5120K, 0% used [0x000001df87500000,0x000001df87500000,0x000001df87a00000)
  from space 1024K, 53% used [0x000001df87b00000,0x000001df87b88040,0x000001df87c00000)
  to   space 1024K, 0% used [0x000001df87a00000,0x000001df87a00000,0x000001df87b00000)
 ParOldGen       total 129024K, used 128557K [0x000001b4dca00000, 0x000001b4e4800000, 0x000001df87500000)
  object space 129024K, 99% used [0x000001b4dca00000,0x000001b4e478b7e0,0x000001b4e4800000)
 Metaspace       used 64307K, committed 65664K, reserved 1114112K
  class space    used 6835K, committed 7424K, reserved 1048576K
}
Event: 12.171 GC heap before
{Heap before GC invocations=172 (full 3):
 PSYoungGen      total 6144K, used 5664K [0x000001df87500000, 0x000001df87c00000, 0x000001f4dca00000)
  eden space 5120K, 100% used [0x000001df87500000,0x000001df87a00000,0x000001df87a00000)
  from space 1024K, 53% used [0x000001df87b00000,0x000001df87b88040,0x000001df87c00000)
  to   space 1024K, 0% used [0x000001df87a00000,0x000001df87a00000,0x000001df87b00000)
 ParOldGen       total 129024K, used 128557K [0x000001b4dca00000, 0x000001b4e4800000, 0x000001df87500000)
  object space 129024K, 99% used [0x000001b4dca00000,0x000001b4e478b7e0,0x000001b4e4800000)
 Metaspace       used 64315K, committed 65664K, reserved 1114112K
  class space    used 6835K, committed 7424K, reserved 1048576K
}
Event: 12.172 GC heap after
{Heap after GC invocations=172 (full 3):
 PSYoungGen      total 6144K, used 512K [0x000001df87500000, 0x000001df87c00000, 0x000001f4dca00000)
  eden space 5120K, 0% used [0x000001df87500000,0x000001df87500000,0x000001df87a00000)
  from space 1024K, 50% used [0x000001df87a00000,0x000001df87a80000,0x000001df87b00000)
  to   space 1024K, 0% used [0x000001df87b00000,0x000001df87b00000,0x000001df87c00000)
 ParOldGen       total 129024K, used 128990K [0x000001b4dca00000, 0x000001b4e4800000, 0x000001df87500000)
  object space 129024K, 99% used [0x000001b4dca00000,0x000001b4e47f7820,0x000001b4e4800000)
 Metaspace       used 64315K, committed 65664K, reserved 1114112K
  class space    used 6835K, committed 7424K, reserved 1048576K
}
Event: 12.183 GC heap before
{Heap before GC invocations=173 (full 3):
 PSYoungGen      total 6144K, used 5632K [0x000001df87500000, 0x000001df87c00000, 0x000001f4dca00000)
  eden space 5120K, 100% used [0x000001df87500000,0x000001df87a00000,0x000001df87a00000)
  from space 1024K, 50% used [0x000001df87a00000,0x000001df87a80000,0x000001df87b00000)
  to   space 1024K, 0% used [0x000001df87b00000,0x000001df87b00000,0x000001df87c00000)
 ParOldGen       total 129024K, used 128990K [0x000001b4dca00000, 0x000001b4e4800000, 0x000001df87500000)
  object space 129024K, 99% used [0x000001b4dca00000,0x000001b4e47f7820,0x000001b4e4800000)
 Metaspace       used 64316K, committed 65664K, reserved 1114112K
  class space    used 6835K, committed 7424K, reserved 1048576K
}
Event: 12.184 GC heap after
{Heap after GC invocations=173 (full 3):
 PSYoungGen      total 6144K, used 544K [0x000001df87500000, 0x000001df87c00000, 0x000001f4dca00000)
  eden space 5120K, 0% used [0x000001df87500000,0x000001df87500000,0x000001df87a00000)
  from space 1024K, 53% used [0x000001df87b00000,0x000001df87b88020,0x000001df87c00000)
  to   space 1024K, 0% used [0x000001df87a00000,0x000001df87a00000,0x000001df87b00000)
 ParOldGen       total 129536K, used 129358K [0x000001b4dca00000, 0x000001b4e4880000, 0x000001df87500000)
  object space 129536K, 99% used [0x000001b4dca00000,0x000001b4e4853880,0x000001b4e4880000)
 Metaspace       used 64316K, committed 65664K, reserved 1114112K
  class space    used 6835K, committed 7424K, reserved 1048576K
}
Event: 12.199 GC heap before
{Heap before GC invocations=174 (full 3):
 PSYoungGen      total 6144K, used 5664K [0x000001df87500000, 0x000001df87c00000, 0x000001f4dca00000)
  eden space 5120K, 100% used [0x000001df87500000,0x000001df87a00000,0x000001df87a00000)
  from space 1024K, 53% used [0x000001df87b00000,0x000001df87b88020,0x000001df87c00000)
  to   space 1024K, 0% used [0x000001df87a00000,0x000001df87a00000,0x000001df87b00000)
 ParOldGen       total 129536K, used 129358K [0x000001b4dca00000, 0x000001b4e4880000, 0x000001df87500000)
  object space 129536K, 99% used [0x000001b4dca00000,0x000001b4e4853880,0x000001b4e4880000)
 Metaspace       used 64316K, committed 65664K, reserved 1114112K
  class space    used 6835K, committed 7424K, reserved 1048576K
}
Event: 12.200 GC heap after
{Heap after GC invocations=174 (full 3):
 PSYoungGen      total 6144K, used 448K [0x000001df87500000, 0x000001df87b80000, 0x000001f4dca00000)
  eden space 5120K, 0% used [0x000001df87500000,0x000001df87500000,0x000001df87a00000)
  from space 1024K, 43% used [0x000001df87a00000,0x000001df87a70000,0x000001df87b00000)
  to   space 512K, 0% used [0x000001df87b00000,0x000001df87b00000,0x000001df87b80000)
 ParOldGen       total 130048K, used 129755K [0x000001b4dca00000, 0x000001b4e4900000, 0x000001df87500000)
  object space 130048K, 99% used [0x000001b4dca00000,0x000001b4e48b6c68,0x000001b4e4900000)
 Metaspace       used 64316K, committed 65664K, reserved 1114112K
  class space    used 6835K, committed 7424K, reserved 1048576K
}
Event: 12.209 GC heap before
{Heap before GC invocations=175 (full 3):
 PSYoungGen      total 6144K, used 5568K [0x000001df87500000, 0x000001df87b80000, 0x000001f4dca00000)
  eden space 5120K, 100% used [0x000001df87500000,0x000001df87a00000,0x000001df87a00000)
  from space 1024K, 43% used [0x000001df87a00000,0x000001df87a70000,0x000001df87b00000)
  to   space 512K, 0% used [0x000001df87b00000,0x000001df87b00000,0x000001df87b80000)
 ParOldGen       total 130048K, used 129755K [0x000001b4dca00000, 0x000001b4e4900000, 0x000001df87500000)
  object space 130048K, 99% used [0x000001b4dca00000,0x000001b4e48b6c68,0x000001b4e4900000)
 Metaspace       used 64331K, committed 65664K, reserved 1114112K
  class space    used 6835K, committed 7424K, reserved 1048576K
}
Event: 12.210 GC heap after
{Heap after GC invocations=175 (full 3):
 PSYoungGen      total 5632K, used 480K [0x000001df87500000, 0x000001df87c00000, 0x000001f4dca00000)
  eden space 5120K, 0% used [0x000001df87500000,0x000001df87500000,0x000001df87a00000)
  from space 512K, 93% used [0x000001df87b00000,0x000001df87b78020,0x000001df87b80000)
  to   space 1024K, 0% used [0x000001df87a00000,0x000001df87a00000,0x000001df87b00000)
 ParOldGen       total 130560K, used 130147K [0x000001b4dca00000, 0x000001b4e4980000, 0x000001df87500000)
  object space 130560K, 99% used [0x000001b4dca00000,0x000001b4e4918cb8,0x000001b4e4980000)
 Metaspace       used 64331K, committed 65664K, reserved 1114112K
  class space    used 6835K, committed 7424K, reserved 1048576K
}
Event: 12.226 GC heap before
{Heap before GC invocations=176 (full 3):
 PSYoungGen      total 5632K, used 5600K [0x000001df87500000, 0x000001df87c00000, 0x000001f4dca00000)
  eden space 5120K, 100% used [0x000001df87500000,0x000001df87a00000,0x000001df87a00000)
  from space 512K, 93% used [0x000001df87b00000,0x000001df87b78020,0x000001df87b80000)
  to   space 1024K, 0% used [0x000001df87a00000,0x000001df87a00000,0x000001df87b00000)
 ParOldGen       total 130560K, used 130147K [0x000001b4dca00000, 0x000001b4e4980000, 0x000001df87500000)
  object space 130560K, 99% used [0x000001b4dca00000,0x000001b4e4918cb8,0x000001b4e4980000)
 Metaspace       used 64335K, committed 65792K, reserved 1114112K
  class space    used 6836K, committed 7488K, reserved 1048576K
}
Event: 12.227 GC heap after
{Heap after GC invocations=176 (full 3):
 PSYoungGen      total 6144K, used 608K [0x000001df87500000, 0x000001df87c00000, 0x000001f4dca00000)
  eden space 5120K, 0% used [0x000001df87500000,0x000001df87500000,0x000001df87a00000)
  from space 1024K, 59% used [0x000001df87a00000,0x000001df87a98020,0x000001df87b00000)
  to   space 1024K, 0% used [0x000001df87b00000,0x000001df87b00000,0x000001df87c00000)
 ParOldGen       total 130560K, used 130499K [0x000001b4dca00000, 0x000001b4e4980000, 0x000001df87500000)
  object space 130560K, 99% used [0x000001b4dca00000,0x000001b4e4970cc8,0x000001b4e4980000)
 Metaspace       used 64335K, committed 65792K, reserved 1114112K
  class space    used 6836K, committed 7488K, reserved 1048576K
}
Event: 12.237 GC heap before
{Heap before GC invocations=177 (full 3):
 PSYoungGen      total 6144K, used 5728K [0x000001df87500000, 0x000001df87c00000, 0x000001f4dca00000)
  eden space 5120K, 100% used [0x000001df87500000,0x000001df87a00000,0x000001df87a00000)
  from space 1024K, 59% used [0x000001df87a00000,0x000001df87a98020,0x000001df87b00000)
  to   space 1024K, 0% used [0x000001df87b00000,0x000001df87b00000,0x000001df87c00000)
 ParOldGen       total 130560K, used 130499K [0x000001b4dca00000, 0x000001b4e4980000, 0x000001df87500000)
  object space 130560K, 99% used [0x000001b4dca00000,0x000001b4e4970cc8,0x000001b4e4980000)
 Metaspace       used 64342K, committed 65792K, reserved 1114112K
  class space    used 6836K, committed 7488K, reserved 1048576K
}
Event: 12.237 GC heap after
{Heap after GC invocations=177 (full 3):
 PSYoungGen      total 6144K, used 544K [0x000001df87500000, 0x000001df87c00000, 0x000001f4dca00000)
  eden space 5120K, 0% used [0x000001df87500000,0x000001df87500000,0x000001df87a00000)
  from space 1024K, 53% used [0x000001df87b00000,0x000001df87b88020,0x000001df87c00000)
  to   space 1024K, 0% used [0x000001df87a00000,0x000001df87a00000,0x000001df87b00000)
 ParOldGen       total 131072K, used 130947K [0x000001b4dca00000, 0x000001b4e4a00000, 0x000001df87500000)
  object space 131072K, 99% used [0x000001b4dca00000,0x000001b4e49e0d28,0x000001b4e4a00000)
 Metaspace       used 64342K, committed 65792K, reserved 1114112K
  class space    used 6836K, committed 7488K, reserved 1048576K
}

